<?xml version="1.0" encoding="UTF-8"?>
<testsuite xmlns:xsi="http://www.w3.org/2001/XMLSchema-instance" xsi:noNamespaceSchemaLocation="https://maven.apache.org/surefire/maven-surefire-plugin/xsd/surefire-test-report-3.0.xsd" version="3.0" name="com.shop.ShopApplicationTests" time="1.386" tests="1" errors="0" skipped="0" failures="0">
  <properties>
[...]
</properties>
  <testcase name="testUpload" classname="com.shop.ShopApplicationTests" time="0.35">
    <system-out><![CDATA[14:35:59.718 [main] INFO org.springframework.test.context.support.AnnotationConfigContextLoaderUtils -- Could not detect default configuration classes for test class [com.shop.ShopApplicationTests]: ShopApplicationTests does not declare any static, non-private, non-final, nested classes annotated with @Configuration.
14:35:59.754 [main] INFO org.springframework.boot.test.context.SpringBootTestContextBootstrapper -- Found @SpringBootConfiguration com.shop.ShopApplication for test class com.shop.ShopApplicationTests

  .   ____          _            __ _ _
 /\\ / ___'_ __ _ _(_)_ __  __ _ \ \ \ \
( ( )\___ | '_ | '_| | '_ \/ _` | \ \ \ \
 \\/  ___)| |_)| | | | | || (_| |  ) ) ) )
  '  |____| .__|_| |_|_| |_\__, | / / / /
 =========|_|==============|___/=/_/_/_/
 :: Spring Boot ::                (v3.2.3)

2024-04-11T14:35:59.902+08:00  INFO 16941 --- [           main] com.shop.ShopApplicationTests            : Starting ShopApplicationTests using Java 17.0.8 with PID 16941 (started by xuzihang in /Users/xuzihang/Documents/Java/shop)
2024-04-11T14:35:59.903+08:00  INFO 16941 --- [           main] com.shop.ShopApplicationTests            : No active profile set, falling back to 1 default profile: "default"
2024-04-11T14:36:00.633+08:00  INFO 16941 --- [           main] o.s.b.a.e.web.EndpointLinksResolver      : Exposing 1 endpoint(s) beneath base path '/actuator'
2024-04-11T14:36:00.665+08:00  INFO 16941 --- [           main] com.shop.ShopApplicationTests            : Started ShopApplicationTests in 0.864 seconds (process running for 1.229)
]]></system-out>
  </testcase>
</testsuite>